<?xml version="1.0" encoding="UTF-8"?>
<!-- Generated by org.testng.reporters.JUnitXMLReporter -->
<testsuite ignored="0" hostname="Avis-MacBook-Air.local" failures="0" tests="6" name="Performance Tests" time="3.681" errors="0" timestamp="2026-01-12T16:38:07 EST">
  <testcase classname="com.api.automation.tests.perf.PerformanceTest" name="getAllPostsPerformance" time="0.767"/>
  <testcase classname="com.api.automation.tests.perf.PerformanceTest" name="getCommentsByPostIdPerformance" time="0.063"/>
  <testcase classname="com.api.automation.tests.perf.PerformanceTest" name="verifyAuthMeResponseTime" time="0.054"/>
  <testcase classname="com.api.automation.tests.perf.PerformanceTest" name="verifyGetAllProductsPerformance" time="0.074"/>
  <testcase classname="com.api.automation.tests.perf.PerformanceTest" name="verifyGetProductsIdPerformance" time="0.043"/>
  <testcase classname="com.api.automation.tests.perf.PerformanceTest" name="verifyProductsEndpointStability" time="2.654"/>
</testsuite> <!-- Performance Tests -->
