<?xml version="1.0" encoding="UTF-8"?>
<testng-results ignored="0" total="1" passed="1" failed="0" skipped="0">
  <reporter-output>
  </reporter-output>
  <suite started-at="2026-01-12T12:50:48 EST" name="Surefire suite" finished-at="2026-01-12T12:50:48 EST" duration-ms="4">
    <groups>
    </groups>
    <test started-at="2026-01-12T12:50:48 EST" name="Surefire test" finished-at="2026-01-12T12:50:48 EST" duration-ms="4">
      <class name="com.api.automation.dummyjson_api_tests.AppTest">
        <test-method signature="testApp()[pri:0, instance:testApp(com.api.automation.dummyjson_api_tests.AppTest)]" started-at="2026-01-12T12:50:48 EST" name="testApp" finished-at="2026-01-12T12:50:48 EST" duration-ms="0" status="PASS">
          <reporter-output>
          </reporter-output>
        </test-method> <!-- testApp -->
      </class> <!-- com.api.automation.dummyjson_api_tests.AppTest -->
    </test> <!-- Surefire test -->
  </suite> <!-- Surefire suite -->
</testng-results>
