<?xml version="1.0" encoding="UTF-8"?>
<!-- Generated by org.testng.reporters.JUnitReportReporter -->
<testsuite hostname="Avis-MacBook-Air.local" failures="0" tests="4" name="com.api.automation.tests.posts.PostsNegativeTest" time="0.333" errors="0" timestamp="2026-01-12T12:50:48 EST" skipped="0">
  <testcase classname="com.api.automation.tests.posts.PostsNegativeTest" name="verifyInvalidSortFieldBehavior" time="0.065"/>
  <testcase classname="com.api.automation.tests.posts.PostsNegativeTest" name="verifySearchPostWithNoResults" time="0.061"/>
  <testcase classname="com.api.automation.tests.posts.PostsNegativeTest" name="verifyGetPostWithInvalidId" time="0.058"/>
  <testcase classname="com.api.automation.tests.posts.PostsNegativeTest" name="verifyInvalidPaginationLimit" time="0.149"/>
</testsuite> <!-- com.api.automation.tests.posts.PostsNegativeTest -->
