<?xml version="1.0" encoding="UTF-8"?>
<!-- Generated by org.testng.reporters.JUnitReportReporter -->
<testsuite hostname="Avis-MacBook-Air.local" failures="0" tests="4" name="com.api.automation.tests.products.ProductsNegativeTest" time="0.273" errors="0" timestamp="2026-01-12T12:50:48 EST" skipped="0">
  <testcase classname="com.api.automation.tests.products.ProductsNegativeTest" name="verifyInvalidProductErrorSchema" time="0.100"/>
  <testcase classname="com.api.automation.tests.products.ProductsNegativeTest" name="verifyProductsAccessibleEvenWithInvalidToken" time="0.059"/>
  <testcase classname="com.api.automation.tests.products.ProductsNegativeTest" name="verifyGetProductWithInvalidId" time="0.055"/>
  <testcase classname="com.api.automation.tests.products.ProductsNegativeTest" name="verifySearchWithNoResults" time="0.059"/>
</testsuite> <!-- com.api.automation.tests.products.ProductsNegativeTest -->
