<?xml version="1.0" encoding="UTF-8"?>
<!-- Generated by org.testng.reporters.JUnitReportReporter -->
<testsuite hostname="Avis-MacBook-Air.local" failures="0" tests="4" name="com.api.automation.tests.comments.CommentsTest" time="0.306" errors="0" timestamp="2026-01-12T12:50:48 EST" skipped="0">
  <testcase classname="com.api.automation.tests.comments.CommentsTest" name="verifyAddCommentSchema" time="0.117"/>
  <testcase classname="com.api.automation.tests.comments.CommentsTest" name="verifyCommentsByPostSchema" time="0.077"/>
  <testcase classname="com.api.automation.tests.comments.CommentsTest" name="verifyDeleteComment" time="0.050"/>
  <testcase classname="com.api.automation.tests.comments.CommentsTest" name="verifyGetCommentsByPostId" time="0.062"/>
</testsuite> <!-- com.api.automation.tests.comments.CommentsTest -->
