<?xml version="1.0" encoding="UTF-8"?>
<!-- Generated by org.testng.reporters.JUnitReportReporter -->
<testsuite hostname="Avis-MacBook-Air.local" failures="0" tests="3" name="com.api.automation.tests.posts.PostsTest" time="0.146" errors="0" timestamp="2026-01-12T12:50:48 EST" skipped="0">
  <testcase classname="com.api.automation.tests.posts.PostsTest" name="verifyGetPostById" time="0.051"/>
  <testcase classname="com.api.automation.tests.posts.PostsTest" name="verifyGetAllPosts" time="0.045"/>
  <testcase classname="com.api.automation.tests.posts.PostsTest" name="verifySearchPosts" time="0.050"/>
</testsuite> <!-- com.api.automation.tests.posts.PostsTest -->
