<?xml version="1.0" encoding="UTF-8"?>
<!-- Generated by org.testng.reporters.JUnitReportReporter -->
<testsuite hostname="Avis-MacBook-Air.local" failures="0" tests="5" name="com.api.automation.tests.auth.AuthNegativeTest" time="0.307" errors="0" timestamp="2026-01-12T12:50:48 EST" skipped="0">
  <testcase classname="com.api.automation.tests.auth.AuthNegativeTest" name="verifyLoginWithInvalidPassword" time="0.106"/>
  <testcase classname="com.api.automation.tests.auth.AuthNegativeTest" name="verifyRefreshWithInvalidTokenFails" time="0.053"/>
  <testcase classname="com.api.automation.tests.auth.AuthNegativeTest" name="verifyAuthMeWithoutTokenFails" time="0.046"/>
  <testcase classname="com.api.automation.tests.auth.AuthNegativeTest" name="verifyLoginWithMissingCredentials" time="0.055"/>
  <testcase classname="com.api.automation.tests.auth.AuthNegativeTest" name="verifyAuthMeWithInvalidTokenFails" time="0.047"/>
</testsuite> <!-- com.api.automation.tests.auth.AuthNegativeTest -->
