<?xml version="1.0" encoding="UTF-8"?>
<!-- Generated by org.testng.reporters.JUnitReportReporter -->
<testsuite hostname="Avis-MacBook-Air.local" failures="0" tests="1" name="com.api.automation.tests.auth.ResponseSpecSanityTest" time="0.080" errors="0" timestamp="2026-01-12T12:50:48 EST" skipped="0">
  <testcase classname="com.api.automation.tests.auth.ResponseSpecSanityTest" name="verifySuccessResponseSpec" time="0.080"/>
</testsuite> <!-- com.api.automation.tests.auth.ResponseSpecSanityTest -->
