<?xml version="1.0" encoding="UTF-8"?>
<!-- Generated by org.testng.reporters.JUnitReportReporter -->
<testsuite hostname="Avis-MacBook-Air.local" failures="0" tests="5" name="com.api.automation.tests.products.ProductsTest" time="0.256" errors="0" timestamp="2026-01-12T12:50:48 EST" skipped="0">
  <testcase classname="com.api.automation.tests.products.ProductsTest" name="verifyGetAllProducts" time="0.047"/>
  <testcase classname="com.api.automation.tests.products.ProductsTest" name="verifySearchProducts" time="0.064"/>
  <testcase classname="com.api.automation.tests.products.ProductsTest" name="verifyProductByIdSchema" time="0.044"/>
  <testcase classname="com.api.automation.tests.products.ProductsTest" name="verifyGetProductById" time="0.052"/>
  <testcase classname="com.api.automation.tests.products.ProductsTest" name="verifyProductsSchema" time="0.049"/>
</testsuite> <!-- com.api.automation.tests.products.ProductsTest -->
