<?xml version="1.0" encoding="UTF-8"?>
<!-- Generated by org.testng.reporters.JUnitXMLReporter -->
<testsuite ignored="13" hostname="Avis-MacBook-Air.local" failures="0" tests="29" name="Regression Tests" time="1.003" errors="0" timestamp="2026-01-12T16:37:35 EST">
  <testcase classname="com.api.automation.tests.comments.CommentsNegativeTest" name="verifyDeleteNonExistingComment" time="0.488"/>
  <testcase classname="com.api.automation.tests.comments.CommentsNegativeTest" name="verifyAddCommentWithoutBodyFails" time="0.488"/>
  <testcase classname="com.api.automation.tests.comments.CommentsNegativeTest" name="verifyGetCommentsWithInvalidPostId" time="0.488"/>
  <testcase classname="com.api.automation.tests.comments.CommentsTest" name="verifyDeleteComment" time="0.059"/>
  <testcase classname="com.api.automation.tests.comments.CommentsTest" name="verifyAddCommentSchema" time="0.575"/>
  <testcase classname="com.api.automation.tests.comments.CommentsTest" name="verifyGetCommentsByPostId" time="0.064"/>
  <testcase classname="com.api.automation.tests.comments.CommentsTest" name="verifyCommentsByPostSchema" time="0.065"/>
  <testcase classname="com.api.automation.tests.posts.PostsNegativeTest" name="verifyGetPostWithInvalidId" time="0.059"/>
  <testcase classname="com.api.automation.tests.posts.PostsNegativeTest" name="verifySearchPostWithNoResults" time="0.102"/>
  <testcase classname="com.api.automation.tests.posts.PostsNegativeTest" name="verifyInvalidSortFieldBehavior" time="0.102"/>
  <testcase classname="com.api.automation.tests.posts.PostsTest" name="verifyGetPostById" time="0.058"/>
  <testcase classname="com.api.automation.tests.posts.PostsNegativeTest" name="verifyInvalidPaginationLimit" time="0.16"/>
  <testcase classname="com.api.automation.tests.posts.PostsTest" name="verifySearchPosts" time="0.065"/>
  <testcase classname="com.api.automation.tests.products.ProductsAdvancedTest" name="verifyParallelExecutionProof" time="0.001"/>
  <testcase classname="com.api.automation.tests.products.ProductsAdvancedTest" name="verifyAddProduct" time="0.073"/>
  <testcase classname="com.api.automation.tests.products.ProductsAdvancedTest" name="verifyDeleteProduct" time="0.07"/>
  <testcase classname="com.api.automation.tests.products.ProductsAdvancedTest" name="verifyInvalidSortByField" time="0.092"/>
  <testcase classname="com.api.automation.tests.products.ProductsAdvancedTest" name="verifyProductSearchRelevance" time="0.083"/>
  <testcase classname="com.api.automation.tests.products.ProductsAdvancedTest" name="verifyProductSortingAscending" time="0.095"/>
  <testcase classname="com.api.automation.tests.auth.AuthAutoRefreshTest" name="verifyTokenAutoRefreshAndRetry" time="0.854"/>
  <testcase classname="com.api.automation.tests.products.ProductsNegativeTest" name="verifyGetProductWithInvalidId" time="0.06"/>
  <testcase classname="com.api.automation.tests.products.ProductsNegativeTest" name="verifyInvalidProductErrorSchema" time="0.06"/>
  <testcase classname="com.api.automation.tests.products.ProductsAdvancedTest" name="verifyUpdateProduct" time="0.091"/>
  <testcase classname="com.api.automation.tests.products.ProductsAdvancedTest" name="verifyProductsLimitZero" time="0.168"/>
  <testcase classname="com.api.automation.tests.products.ProductsAdvancedTest" name="verifyProductsPagination" time="0.103"/>
  <testcase classname="com.api.automation.tests.products.ProductsTest" name="verifyGetAllProducts" time="0.045"/>
  <testcase classname="com.api.automation.tests.products.ProductsNegativeTest" name="verifySearchWithNoResults" time="0.057"/>
  <testcase classname="com.api.automation.tests.products.ProductsTest" name="verifyGetProductById" time="0.05"/>
  <testcase classname="com.api.automation.tests.products.ProductsTest" name="verifySearchProducts" time="0.061"/>
  <testcase classname="com.api.automation.tests.auth.AuthNegativeTest" name="verifyAuthMeWithoutTokenFails" time="0.0">
    <ignored/>
  </testcase> <!-- verifyAuthMeWithoutTokenFails -->
  <testcase classname="com.api.automation.tests.products.ProductsTest" name="verifyProductByIdSchema" time="0.0">
    <ignored/>
  </testcase> <!-- verifyProductByIdSchema -->
  <testcase classname="com.api.automation.tests.auth.RequestSpecSanityTest" name="verifyBaseSpecWorks" time="0.0">
    <ignored/>
  </testcase> <!-- verifyBaseSpecWorks -->
  <testcase classname="com.api.automation.tests.auth.AuthMeSanityTest" name="verifyAuthMeWorks" time="0.0">
    <ignored/>
  </testcase> <!-- verifyAuthMeWorks -->
  <testcase classname="com.api.automation.tests.products.ProductsNegativeTest" name="verifyProductsAccessibleEvenWithInvalidToken" time="0.0">
    <ignored/>
  </testcase> <!-- verifyProductsAccessibleEvenWithInvalidToken -->
  <testcase classname="com.api.automation.tests.auth.ResponseSpecSanityTest" name="verifySuccessResponseSpec" time="0.0">
    <ignored/>
  </testcase> <!-- verifySuccessResponseSpec -->
  <testcase classname="com.api.automation.tests.auth.AuthNegativeTest" name="verifyLoginWithInvalidPassword" time="0.0">
    <ignored/>
  </testcase> <!-- verifyLoginWithInvalidPassword -->
  <testcase classname="com.api.automation.tests.products.ProductsTest" name="verifyProductsSchema" time="0.0">
    <ignored/>
  </testcase> <!-- verifyProductsSchema -->
  <testcase classname="com.api.automation.tests.auth.ConfigSanityTest" name="verifyConfigLoads" time="0.0">
    <ignored/>
  </testcase> <!-- verifyConfigLoads -->
  <testcase classname="com.api.automation.tests.posts.PostsTest" name="verifyGetAllPosts" time="0.0">
    <ignored/>
  </testcase> <!-- verifyGetAllPosts -->
  <testcase classname="com.api.automation.tests.auth.AuthNegativeTest" name="verifyAuthMeWithInvalidTokenFails" time="0.0">
    <ignored/>
  </testcase> <!-- verifyAuthMeWithInvalidTokenFails -->
  <testcase classname="com.api.automation.tests.auth.AuthNegativeTest" name="verifyRefreshWithInvalidTokenFails" time="0.0">
    <ignored/>
  </testcase> <!-- verifyRefreshWithInvalidTokenFails -->
  <testcase classname="com.api.automation.tests.auth.AuthNegativeTest" name="verifyLoginWithMissingCredentials" time="0.0">
    <ignored/>
  </testcase> <!-- verifyLoginWithMissingCredentials -->
</testsuite> <!-- Regression Tests -->
