<?xml version="1.0" encoding="UTF-8"?>
<!-- Generated by org.testng.reporters.JUnitXMLReporter -->
<testsuite ignored="0" hostname="Avis-MacBook-Air.local" failures="0" tests="48" name="Surefire test" time="8.163" errors="0" timestamp="2026-01-12T12:50:48 EST">
  <testcase classname="com.api.automation.tests.comments.CommentsNegativeTest" name="verifyAddCommentWithoutBodyFails" time="1.043"/>
  <testcase classname="com.api.automation.tests.comments.CommentsNegativeTest" name="verifyDeleteNonExistingComment" time="0.075"/>
  <testcase classname="com.api.automation.tests.comments.CommentsNegativeTest" name="verifyGetCommentsWithInvalidPostId" time="0.064"/>
  <testcase classname="com.api.automation.tests.comments.CommentsTest" name="verifyAddCommentSchema" time="0.117"/>
  <testcase classname="com.api.automation.tests.comments.CommentsTest" name="verifyCommentsByPostSchema" time="0.077"/>
  <testcase classname="com.api.automation.tests.comments.CommentsTest" name="verifyDeleteComment" time="0.05"/>
  <testcase classname="com.api.automation.tests.comments.CommentsTest" name="verifyGetCommentsByPostId" time="0.062"/>
  <testcase classname="com.api.automation.tests.posts.PostsNegativeTest" name="verifyGetPostWithInvalidId" time="0.058"/>
  <testcase classname="com.api.automation.tests.posts.PostsNegativeTest" name="verifyInvalidPaginationLimit" time="0.149"/>
  <testcase classname="com.api.automation.tests.posts.PostsNegativeTest" name="verifyInvalidSortFieldBehavior" time="0.065"/>
  <testcase classname="com.api.automation.tests.posts.PostsNegativeTest" name="verifySearchPostWithNoResults" time="0.061"/>
  <testcase classname="com.api.automation.tests.posts.PostsTest" name="verifyGetAllPosts" time="0.045"/>
  <testcase classname="com.api.automation.tests.posts.PostsTest" name="verifyGetPostById" time="0.051"/>
  <testcase classname="com.api.automation.tests.posts.PostsTest" name="verifySearchPosts" time="0.05"/>
  <testcase classname="com.api.automation.tests.products.ProductsNegativeTest" name="verifyGetProductWithInvalidId" time="0.055"/>
  <testcase classname="com.api.automation.tests.products.ProductsNegativeTest" name="verifyInvalidProductErrorSchema" time="0.1"/>
  <testcase classname="com.api.automation.tests.products.ProductsNegativeTest" name="verifyProductsAccessibleEvenWithInvalidToken" time="0.059"/>
  <testcase classname="com.api.automation.tests.products.ProductsNegativeTest" name="verifySearchWithNoResults" time="0.059"/>
  <testcase classname="com.api.automation.tests.products.ProductsAdvancedTest" name="verifyAddProduct" time="0.071"/>
  <testcase classname="com.api.automation.tests.products.ProductsAdvancedTest" name="verifyDeleteProduct" time="0.065"/>
  <testcase classname="com.api.automation.tests.products.ProductsAdvancedTest" name="verifyInvalidSortByField" time="0.068"/>
  <testcase classname="com.api.automation.tests.products.ProductsAdvancedTest" name="verifyParallelExecutionProof" time="0.001"/>
  <testcase classname="com.api.automation.tests.products.ProductsAdvancedTest" name="verifyProductSearchRelevance" time="0.073"/>
  <testcase classname="com.api.automation.tests.products.ProductsAdvancedTest" name="verifyProductSortingAscending" time="0.07"/>
  <testcase classname="com.api.automation.tests.products.ProductsAdvancedTest" name="verifyProductsLimitZero" time="0.124"/>
  <testcase classname="com.api.automation.tests.products.ProductsAdvancedTest" name="verifyProductsPagination" time="0.066"/>
  <testcase classname="com.api.automation.tests.products.ProductsAdvancedTest" name="verifyUpdateProduct" time="0.08"/>
  <testcase classname="com.api.automation.tests.products.ProductsTest" name="verifyGetAllProducts" time="0.047"/>
  <testcase classname="com.api.automation.tests.products.ProductsTest" name="verifyGetProductById" time="0.052"/>
  <testcase classname="com.api.automation.tests.products.ProductsTest" name="verifyProductByIdSchema" time="0.044"/>
  <testcase classname="com.api.automation.tests.products.ProductsTest" name="verifyProductsSchema" time="0.049"/>
  <testcase classname="com.api.automation.tests.products.ProductsTest" name="verifySearchProducts" time="0.064"/>
  <testcase classname="com.api.automation.tests.auth.ConfigSanityTest" name="verifyConfigLoads" time="0.001"/>
  <testcase classname="com.api.automation.tests.auth.ResponseSpecSanityTest" name="verifySuccessResponseSpec" time="0.08"/>
  <testcase classname="com.api.automation.tests.auth.AuthNegativeTest" name="verifyAuthMeWithInvalidTokenFails" time="0.047"/>
  <testcase classname="com.api.automation.tests.auth.AuthNegativeTest" name="verifyAuthMeWithoutTokenFails" time="0.046"/>
  <testcase classname="com.api.automation.tests.auth.AuthNegativeTest" name="verifyLoginWithInvalidPassword" time="0.106"/>
  <testcase classname="com.api.automation.tests.auth.AuthNegativeTest" name="verifyLoginWithMissingCredentials" time="0.055"/>
  <testcase classname="com.api.automation.tests.auth.AuthNegativeTest" name="verifyRefreshWithInvalidTokenFails" time="0.053"/>
  <testcase classname="com.api.automation.tests.auth.AuthAutoRefreshTest" name="verifyTokenAutoRefreshAndRetry" time="0.171"/>
  <testcase classname="com.api.automation.tests.auth.AuthMeSanityTest" name="verifyAuthMeWorks" time="0.094"/>
  <testcase classname="com.api.automation.tests.auth.RequestSpecSanityTest" name="verifyBaseSpecWorks" time="0.068"/>
  <testcase classname="com.api.automation.tests.perf.PerformanceTest" name="getAllPostsPerformance" time="0.06"/>
  <testcase classname="com.api.automation.tests.perf.PerformanceTest" name="getCommentsByPostIdPerformance" time="0.054"/>
  <testcase classname="com.api.automation.tests.perf.PerformanceTest" name="verifyAuthMeResponseTime" time="0.059"/>
  <testcase classname="com.api.automation.tests.perf.PerformanceTest" name="verifyGetAllProductsPerformance" time="0.081"/>
  <testcase classname="com.api.automation.tests.perf.PerformanceTest" name="verifyGetProductsIdPerformance" time="0.046"/>
  <testcase classname="com.api.automation.tests.perf.PerformanceTest" name="verifyProductsEndpointStability" time="3.962"/>
</testsuite> <!-- Surefire test -->
