<?xml version="1.0" encoding="UTF-8"?>
<!-- Generated by org.testng.reporters.JUnitXMLReporter -->
<testsuite ignored="4" hostname="Avis-MacBook-Air.local" failures="0" tests="12" name="Negative Tests" time="0.903" errors="0" timestamp="2026-01-12T16:37:55 EST">
  <testcase classname="com.api.automation.tests.auth.AuthNegativeTest" name="verifyAuthMeWithInvalidTokenFails" time="0.453"/>
  <testcase classname="com.api.automation.tests.auth.AuthNegativeTest" name="verifyAuthMeWithoutTokenFails" time="0.453"/>
  <testcase classname="com.api.automation.tests.auth.AuthNegativeTest" name="verifyLoginWithMissingCredentials" time="0.45"/>
  <testcase classname="com.api.automation.tests.auth.AuthNegativeTest" name="verifyLoginWithInvalidPassword" time="0.495"/>
  <testcase classname="com.api.automation.tests.auth.AuthNegativeTest" name="verifyRefreshWithInvalidTokenFails" time="0.607"/>
  <testcase classname="com.api.automation.tests.comments.CommentsNegativeTest" name="verifyGetCommentsWithInvalidPostId" time="0.314"/>
  <testcase classname="com.api.automation.tests.posts.PostsNegativeTest" name="verifyGetPostWithInvalidId" time="0.292"/>
  <testcase classname="com.api.automation.tests.comments.CommentsNegativeTest" name="verifyDeleteNonExistingComment" time="0.314"/>
  <testcase classname="com.api.automation.tests.comments.CommentsNegativeTest" name="verifyAddCommentWithoutBodyFails" time="0.321"/>
  <testcase classname="com.api.automation.tests.posts.PostsNegativeTest" name="verifySearchPostWithNoResults" time="0.067"/>
  <testcase classname="com.api.automation.tests.posts.PostsNegativeTest" name="verifyInvalidSortFieldBehavior" time="0.085"/>
  <testcase classname="com.api.automation.tests.posts.PostsNegativeTest" name="verifyInvalidPaginationLimit" time="0.284"/>
  <testcase classname="com.api.automation.tests.products.ProductsNegativeTest" name="verifyProductsAccessibleEvenWithInvalidToken" time="0.0">
    <ignored/>
  </testcase> <!-- verifyProductsAccessibleEvenWithInvalidToken -->
  <testcase classname="com.api.automation.tests.products.ProductsNegativeTest" name="verifySearchWithNoResults" time="0.0">
    <ignored/>
  </testcase> <!-- verifySearchWithNoResults -->
  <testcase classname="com.api.automation.tests.products.ProductsNegativeTest" name="verifyInvalidProductErrorSchema" time="0.0">
    <ignored/>
  </testcase> <!-- verifyInvalidProductErrorSchema -->
  <testcase classname="com.api.automation.tests.products.ProductsNegativeTest" name="verifyGetProductWithInvalidId" time="0.0">
    <ignored/>
  </testcase> <!-- verifyGetProductWithInvalidId -->
</testsuite> <!-- Negative Tests -->
