<?xml version="1.0" encoding="UTF-8"?>
<!-- Generated by org.testng.reporters.JUnitXMLReporter -->
<testsuite ignored="45" hostname="Avis-MacBook-Air.local" failures="0" tests="3" name="Smoke Tests" time="1.18" errors="0" timestamp="2026-01-12T16:37:27 EST">
  <testcase classname="com.api.automation.tests.posts.PostsTest" name="verifyGetAllPosts" time="0.566"/>
  <testcase classname="com.api.automation.tests.products.ProductsTest" name="verifyGetAllProducts" time="0.574"/>
  <testcase classname="com.api.automation.tests.auth.AuthAutoRefreshTest" name="verifyTokenAutoRefreshAndRetry" time="1.168"/>
  <testcase classname="com.api.automation.tests.comments.CommentsNegativeTest" name="verifyAddCommentWithoutBodyFails" time="0.0">
    <ignored/>
  </testcase> <!-- verifyAddCommentWithoutBodyFails -->
  <testcase classname="com.api.automation.tests.auth.AuthMeSanityTest" name="verifyAuthMeWorks" time="0.0">
    <ignored/>
  </testcase> <!-- verifyAuthMeWorks -->
  <testcase classname="com.api.automation.tests.perf.PerformanceTest" name="getAllPostsPerformance" time="0.0">
    <ignored/>
  </testcase> <!-- getAllPostsPerformance -->
  <testcase classname="com.api.automation.tests.auth.ConfigSanityTest" name="verifyConfigLoads" time="0.0">
    <ignored/>
  </testcase> <!-- verifyConfigLoads -->
  <testcase classname="com.api.automation.tests.perf.PerformanceTest" name="getCommentsByPostIdPerformance" time="0.0">
    <ignored/>
  </testcase> <!-- getCommentsByPostIdPerformance -->
  <testcase classname="com.api.automation.tests.products.ProductsAdvancedTest" name="verifyParallelExecutionProof" time="0.0">
    <ignored/>
  </testcase> <!-- verifyParallelExecutionProof -->
  <testcase classname="com.api.automation.tests.products.ProductsTest" name="verifyProductByIdSchema" time="0.0">
    <ignored/>
  </testcase> <!-- verifyProductByIdSchema -->
  <testcase classname="com.api.automation.tests.comments.CommentsTest" name="verifyAddCommentSchema" time="0.0">
    <ignored/>
  </testcase> <!-- verifyAddCommentSchema -->
  <testcase classname="com.api.automation.tests.products.ProductsNegativeTest" name="verifyInvalidProductErrorSchema" time="0.0">
    <ignored/>
  </testcase> <!-- verifyInvalidProductErrorSchema -->
  <testcase classname="com.api.automation.tests.products.ProductsNegativeTest" name="verifyProductsAccessibleEvenWithInvalidToken" time="0.0">
    <ignored/>
  </testcase> <!-- verifyProductsAccessibleEvenWithInvalidToken -->
  <testcase classname="com.api.automation.tests.comments.CommentsNegativeTest" name="verifyDeleteNonExistingComment" time="0.0">
    <ignored/>
  </testcase> <!-- verifyDeleteNonExistingComment -->
  <testcase classname="com.api.automation.tests.products.ProductsTest" name="verifyGetProductById" time="0.0">
    <ignored/>
  </testcase> <!-- verifyGetProductById -->
  <testcase classname="com.api.automation.tests.perf.PerformanceTest" name="verifyGetProductsIdPerformance" time="0.0">
    <ignored/>
  </testcase> <!-- verifyGetProductsIdPerformance -->
  <testcase classname="com.api.automation.tests.auth.RequestSpecSanityTest" name="verifyBaseSpecWorks" time="0.0">
    <ignored/>
  </testcase> <!-- verifyBaseSpecWorks -->
  <testcase classname="com.api.automation.tests.perf.PerformanceTest" name="verifyGetAllProductsPerformance" time="0.0">
    <ignored/>
  </testcase> <!-- verifyGetAllProductsPerformance -->
  <testcase classname="com.api.automation.tests.products.ProductsAdvancedTest" name="verifyProductsPagination" time="0.0">
    <ignored/>
  </testcase> <!-- verifyProductsPagination -->
  <testcase classname="com.api.automation.tests.auth.AuthNegativeTest" name="verifyAuthMeWithInvalidTokenFails" time="0.0">
    <ignored/>
  </testcase> <!-- verifyAuthMeWithInvalidTokenFails -->
  <testcase classname="com.api.automation.tests.perf.PerformanceTest" name="verifyAuthMeResponseTime" time="0.0">
    <ignored/>
  </testcase> <!-- verifyAuthMeResponseTime -->
  <testcase classname="com.api.automation.tests.products.ProductsAdvancedTest" name="verifyUpdateProduct" time="0.0">
    <ignored/>
  </testcase> <!-- verifyUpdateProduct -->
  <testcase classname="com.api.automation.tests.auth.AuthNegativeTest" name="verifyLoginWithMissingCredentials" time="0.0">
    <ignored/>
  </testcase> <!-- verifyLoginWithMissingCredentials -->
  <testcase classname="com.api.automation.tests.auth.AuthNegativeTest" name="verifyAuthMeWithoutTokenFails" time="0.0">
    <ignored/>
  </testcase> <!-- verifyAuthMeWithoutTokenFails -->
  <testcase classname="com.api.automation.tests.products.ProductsTest" name="verifyProductsSchema" time="0.0">
    <ignored/>
  </testcase> <!-- verifyProductsSchema -->
  <testcase classname="com.api.automation.tests.perf.PerformanceTest" name="verifyProductsEndpointStability" time="0.0">
    <ignored/>
  </testcase> <!-- verifyProductsEndpointStability -->
  <testcase classname="com.api.automation.tests.comments.CommentsNegativeTest" name="verifyGetCommentsWithInvalidPostId" time="0.0">
    <ignored/>
  </testcase> <!-- verifyGetCommentsWithInvalidPostId -->
  <testcase classname="com.api.automation.tests.posts.PostsTest" name="verifyGetPostById" time="0.0">
    <ignored/>
  </testcase> <!-- verifyGetPostById -->
  <testcase classname="com.api.automation.tests.products.ProductsAdvancedTest" name="verifyProductSearchRelevance" time="0.0">
    <ignored/>
  </testcase> <!-- verifyProductSearchRelevance -->
  <testcase classname="com.api.automation.tests.posts.PostsNegativeTest" name="verifyInvalidPaginationLimit" time="0.0">
    <ignored/>
  </testcase> <!-- verifyInvalidPaginationLimit -->
  <testcase classname="com.api.automation.tests.auth.ResponseSpecSanityTest" name="verifySuccessResponseSpec" time="0.0">
    <ignored/>
  </testcase> <!-- verifySuccessResponseSpec -->
  <testcase classname="com.api.automation.tests.comments.CommentsTest" name="verifyCommentsByPostSchema" time="0.0">
    <ignored/>
  </testcase> <!-- verifyCommentsByPostSchema -->
  <testcase classname="com.api.automation.tests.comments.CommentsTest" name="verifyDeleteComment" time="0.0">
    <ignored/>
  </testcase> <!-- verifyDeleteComment -->
  <testcase classname="com.api.automation.tests.posts.PostsNegativeTest" name="verifySearchPostWithNoResults" time="0.0">
    <ignored/>
  </testcase> <!-- verifySearchPostWithNoResults -->
  <testcase classname="com.api.automation.tests.products.ProductsAdvancedTest" name="verifyProductsLimitZero" time="0.0">
    <ignored/>
  </testcase> <!-- verifyProductsLimitZero -->
  <testcase classname="com.api.automation.tests.products.ProductsNegativeTest" name="verifySearchWithNoResults" time="0.0">
    <ignored/>
  </testcase> <!-- verifySearchWithNoResults -->
  <testcase classname="com.api.automation.tests.products.ProductsAdvancedTest" name="verifyProductSortingAscending" time="0.0">
    <ignored/>
  </testcase> <!-- verifyProductSortingAscending -->
  <testcase classname="com.api.automation.tests.products.ProductsAdvancedTest" name="verifyInvalidSortByField" time="0.0">
    <ignored/>
  </testcase> <!-- verifyInvalidSortByField -->
  <testcase classname="com.api.automation.tests.comments.CommentsTest" name="verifyGetCommentsByPostId" time="0.0">
    <ignored/>
  </testcase> <!-- verifyGetCommentsByPostId -->
  <testcase classname="com.api.automation.tests.auth.AuthNegativeTest" name="verifyRefreshWithInvalidTokenFails" time="0.0">
    <ignored/>
  </testcase> <!-- verifyRefreshWithInvalidTokenFails -->
  <testcase classname="com.api.automation.tests.posts.PostsNegativeTest" name="verifyInvalidSortFieldBehavior" time="0.0">
    <ignored/>
  </testcase> <!-- verifyInvalidSortFieldBehavior -->
  <testcase classname="com.api.automation.tests.products.ProductsNegativeTest" name="verifyGetProductWithInvalidId" time="0.0">
    <ignored/>
  </testcase> <!-- verifyGetProductWithInvalidId -->
  <testcase classname="com.api.automation.tests.posts.PostsNegativeTest" name="verifyGetPostWithInvalidId" time="0.0">
    <ignored/>
  </testcase> <!-- verifyGetPostWithInvalidId -->
  <testcase classname="com.api.automation.tests.auth.AuthNegativeTest" name="verifyLoginWithInvalidPassword" time="0.0">
    <ignored/>
  </testcase> <!-- verifyLoginWithInvalidPassword -->
  <testcase classname="com.api.automation.tests.products.ProductsTest" name="verifySearchProducts" time="0.0">
    <ignored/>
  </testcase> <!-- verifySearchProducts -->
  <testcase classname="com.api.automation.tests.products.ProductsAdvancedTest" name="verifyAddProduct" time="0.0">
    <ignored/>
  </testcase> <!-- verifyAddProduct -->
  <testcase classname="com.api.automation.tests.products.ProductsAdvancedTest" name="verifyDeleteProduct" time="0.0">
    <ignored/>
  </testcase> <!-- verifyDeleteProduct -->
  <testcase classname="com.api.automation.tests.posts.PostsTest" name="verifySearchPosts" time="0.0">
    <ignored/>
  </testcase> <!-- verifySearchPosts -->
</testsuite> <!-- Smoke Tests -->
