<?xml version="1.0" encoding="UTF-8"?>
<testsuite xmlns:xsi="http://www.w3.org/2001/XMLSchema-instance" xsi:noNamespaceSchemaLocation="https://maven.apache.org/surefire/maven-surefire-plugin/xsd/surefire-test-report-3.0.xsd" version="3.0" name="TestSuite" time="3.838" tests="6" errors="0" skipped="0" failures="0">
  <properties>
[...]
</properties>
  <testcase name="getAllPostsPerformance" classname="com.api.automation.tests.perf.PerformanceTest" time="0.781">
    <system-err><![CDATA[SLF4J: Failed to load class "org.slf4j.impl.StaticLoggerBinder".
SLF4J: Defaulting to no-operation (NOP) logger implementation
SLF4J: See http://www.slf4j.org/codes.html#StaticLoggerBinder for further details.
]]></system-err>
  </testcase>
  <testcase name="getCommentsByPostIdPerformance" classname="com.api.automation.tests.perf.PerformanceTest" time="0.064"/>
  <testcase name="verifyAuthMeResponseTime" classname="com.api.automation.tests.perf.PerformanceTest" time="0.055"/>
  <testcase name="verifyGetAllProductsPerformance" classname="com.api.automation.tests.perf.PerformanceTest" time="0.074"/>
  <testcase name="verifyGetProductsIdPerformance" classname="com.api.automation.tests.perf.PerformanceTest" time="0.042"/>
  <testcase name="verifyProductsEndpointStability" classname="com.api.automation.tests.perf.PerformanceTest" time="2.655"/>
</testsuite>