<?xml version="1.0" encoding="UTF-8"?>
<testng-results ignored="0" total="3" passed="3" failed="0" skipped="0">
  <reporter-output>
  </reporter-output>
  <suite started-at="2026-01-13T00:31:05 EST" name="Smoke Suite" finished-at="2026-01-13T00:31:05 EST" duration-ms="908">
    <groups>
      <group name="regression">
        <method signature="AuthAutoRefreshTest.verifyTokenAutoRefreshAndRetry()[pri:0, instance:com.api.automation.tests.auth.AuthAutoRefreshTest@2fb3536e]" name="verifyTokenAutoRefreshAndRetry" class="com.api.automation.tests.auth.AuthAutoRefreshTest"/>
        <method signature="ProductsTest.verifyGetAllProducts()[pri:0, instance:com.api.automation.tests.products.ProductsTest@2f217633]" name="verifyGetAllProducts" class="com.api.automation.tests.products.ProductsTest"/>
      </group> <!-- regression -->
      <group name="smoke">
        <method signature="AuthAutoRefreshTest.verifyTokenAutoRefreshAndRetry()[pri:0, instance:com.api.automation.tests.auth.AuthAutoRefreshTest@2fb3536e]" name="verifyTokenAutoRefreshAndRetry" class="com.api.automation.tests.auth.AuthAutoRefreshTest"/>
        <method signature="PostsTest.verifyGetAllPosts()[pri:0, instance:com.api.automation.tests.posts.PostsTest@611889f4]" name="verifyGetAllPosts" class="com.api.automation.tests.posts.PostsTest"/>
        <method signature="ProductsTest.verifyGetAllProducts()[pri:0, instance:com.api.automation.tests.products.ProductsTest@2f217633]" name="verifyGetAllProducts" class="com.api.automation.tests.products.ProductsTest"/>
      </group> <!-- smoke -->
    </groups>
    <test started-at="2026-01-13T00:31:05 EST" name="Smoke Tests" finished-at="2026-01-13T00:31:05 EST" duration-ms="908">
      <class name="com.api.automation.tests.auth.AuthAutoRefreshTest">
        <test-method signature="verifyTokenAutoRefreshAndRetry()[pri:0, instance:com.api.automation.tests.auth.AuthAutoRefreshTest@2fb3536e]" started-at="2026-01-13T00:31:05 EST" name="verifyTokenAutoRefreshAndRetry" finished-at="2026-01-13T00:31:05 EST" duration-ms="897" status="PASS">
          <reporter-output>
          </reporter-output>
        </test-method> <!-- verifyTokenAutoRefreshAndRetry -->
      </class> <!-- com.api.automation.tests.auth.AuthAutoRefreshTest -->
      <class name="com.api.automation.tests.posts.PostsTest">
        <test-method signature="verifyGetAllPosts()[pri:0, instance:com.api.automation.tests.posts.PostsTest@611889f4]" started-at="2026-01-13T00:31:05 EST" name="verifyGetAllPosts" finished-at="2026-01-13T00:31:05 EST" duration-ms="575" status="PASS">
          <reporter-output>
          </reporter-output>
        </test-method> <!-- verifyGetAllPosts -->
      </class> <!-- com.api.automation.tests.posts.PostsTest -->
      <class name="com.api.automation.tests.products.ProductsTest">
        <test-method signature="verifyGetAllProducts()[pri:0, instance:com.api.automation.tests.products.ProductsTest@2f217633]" started-at="2026-01-13T00:31:05 EST" name="verifyGetAllProducts" finished-at="2026-01-13T00:31:05 EST" duration-ms="579" status="PASS">
          <reporter-output>
          </reporter-output>
        </test-method> <!-- verifyGetAllProducts -->
      </class> <!-- com.api.automation.tests.products.ProductsTest -->
    </test> <!-- Smoke Tests -->
  </suite> <!-- Smoke Suite -->
</testng-results>
