<?xml version="1.0" encoding="UTF-8"?>
<!-- Generated by org.testng.reporters.JUnitXMLReporter -->
<testsuite ignored="19" hostname="Avis-MacBook-Air.local" failures="0" tests="3" name="Contract Tests" time="0.886" errors="0" timestamp="2026-01-12T16:37:44 EST">
  <testcase classname="com.api.automation.tests.products.ProductsAdvancedTest" name="verifyDeleteProduct" time="0.861"/>
  <testcase classname="com.api.automation.tests.products.ProductsTest" name="verifyProductsSchema" time="0.866"/>
  <testcase classname="com.api.automation.tests.comments.CommentsTest" name="verifyCommentsByPostSchema" time="0.863"/>
  <testcase classname="com.api.automation.tests.products.ProductsTest" name="verifyGetProductById" time="0.0">
    <ignored/>
  </testcase> <!-- verifyGetProductById -->
  <testcase classname="com.api.automation.tests.products.ProductsTest" name="verifyGetAllProducts" time="0.0">
    <ignored/>
  </testcase> <!-- verifyGetAllProducts -->
  <testcase classname="com.api.automation.tests.products.ProductsAdvancedTest" name="verifyProductSortingAscending" time="0.0">
    <ignored/>
  </testcase> <!-- verifyProductSortingAscending -->
  <testcase classname="com.api.automation.tests.posts.PostsTest" name="verifyGetAllPosts" time="0.0">
    <ignored/>
  </testcase> <!-- verifyGetAllPosts -->
  <testcase classname="com.api.automation.tests.products.ProductsAdvancedTest" name="verifyProductsPagination" time="0.0">
    <ignored/>
  </testcase> <!-- verifyProductsPagination -->
  <testcase classname="com.api.automation.tests.products.ProductsAdvancedTest" name="verifyUpdateProduct" time="0.0">
    <ignored/>
  </testcase> <!-- verifyUpdateProduct -->
  <testcase classname="com.api.automation.tests.products.ProductsAdvancedTest" name="verifyInvalidSortByField" time="0.0">
    <ignored/>
  </testcase> <!-- verifyInvalidSortByField -->
  <testcase classname="com.api.automation.tests.posts.PostsTest" name="verifyGetPostById" time="0.0">
    <ignored/>
  </testcase> <!-- verifyGetPostById -->
  <testcase classname="com.api.automation.tests.comments.CommentsTest" name="verifyDeleteComment" time="0.0">
    <ignored/>
  </testcase> <!-- verifyDeleteComment -->
  <testcase classname="com.api.automation.tests.auth.AuthMeSanityTest" name="verifyAuthMeWorks" time="0.0">
    <ignored/>
  </testcase> <!-- verifyAuthMeWorks -->
  <testcase classname="com.api.automation.tests.products.ProductsTest" name="verifySearchProducts" time="0.0">
    <ignored/>
  </testcase> <!-- verifySearchProducts -->
  <testcase classname="com.api.automation.tests.products.ProductsAdvancedTest" name="verifyAddProduct" time="0.0">
    <ignored/>
  </testcase> <!-- verifyAddProduct -->
  <testcase classname="com.api.automation.tests.products.ProductsAdvancedTest" name="verifyProductSearchRelevance" time="0.0">
    <ignored/>
  </testcase> <!-- verifyProductSearchRelevance -->
  <testcase classname="com.api.automation.tests.products.ProductsTest" name="verifyProductByIdSchema" time="0.0">
    <ignored/>
  </testcase> <!-- verifyProductByIdSchema -->
  <testcase classname="com.api.automation.tests.comments.CommentsTest" name="verifyAddCommentSchema" time="0.0">
    <ignored/>
  </testcase> <!-- verifyAddCommentSchema -->
  <testcase classname="com.api.automation.tests.products.ProductsAdvancedTest" name="verifyParallelExecutionProof" time="0.0">
    <ignored/>
  </testcase> <!-- verifyParallelExecutionProof -->
  <testcase classname="com.api.automation.tests.posts.PostsTest" name="verifySearchPosts" time="0.0">
    <ignored/>
  </testcase> <!-- verifySearchPosts -->
  <testcase classname="com.api.automation.tests.products.ProductsAdvancedTest" name="verifyProductsLimitZero" time="0.0">
    <ignored/>
  </testcase> <!-- verifyProductsLimitZero -->
  <testcase classname="com.api.automation.tests.comments.CommentsTest" name="verifyGetCommentsByPostId" time="0.0">
    <ignored/>
  </testcase> <!-- verifyGetCommentsByPostId -->
</testsuite> <!-- Contract Tests -->
