<?xml version="1.0" encoding="UTF-8"?>
<testng-results ignored="0" total="1" passed="1" failed="0" skipped="0">
  <reporter-output>
  </reporter-output>
  <suite started-at="2026-01-13T12:16:06 EST" name="Default suite" finished-at="2026-01-13T12:16:11 EST" duration-ms="5513">
    <groups>
      <group name="performance">
        <method signature="LatencyPercentileTest.verifyProductsP95Latency()[pri:0, instance:com.api.automation.tests.perf.LatencyPercentileTest@72cc7e6f]" name="verifyProductsP95Latency" class="com.api.automation.tests.perf.LatencyPercentileTest"/>
      </group> <!-- performance -->
    </groups>
    <test started-at="2026-01-13T12:16:06 EST" name="Default test" finished-at="2026-01-13T12:16:11 EST" duration-ms="5513">
      <class name="com.api.automation.tests.perf.LatencyPercentileTest">
        <test-method signature="verifyProductsP95Latency()[pri:0, instance:com.api.automation.tests.perf.LatencyPercentileTest@72cc7e6f]" started-at="2026-01-13T12:16:06 EST" name="verifyProductsP95Latency" finished-at="2026-01-13T12:16:11 EST" duration-ms="5404" status="PASS">
          <reporter-output>
          </reporter-output>
        </test-method> <!-- verifyProductsP95Latency -->
      </class> <!-- com.api.automation.tests.perf.LatencyPercentileTest -->
    </test> <!-- Default test -->
  </suite> <!-- Default suite -->
</testng-results>
