<?xml version="1.0" encoding="UTF-8"?>
<!-- Generated by org.testng.reporters.JUnitReportReporter -->
<testsuite hostname="Avis-MacBook-Air.local" failures="0" tests="8" name="com.api.automation.tests.products.ProductsAdvancedTest" time="4.583" errors="0" timestamp="2026-01-07T18:20:00 EST" skipped="0">
  <testcase classname="com.api.automation.tests.products.ProductsAdvancedTest" name="verifyProductsPagination" time="0.122"/>
  <testcase classname="com.api.automation.tests.products.ProductsAdvancedTest" name="verifyProductSearchRelevance" time="0.141"/>
  <testcase classname="com.api.automation.tests.products.ProductsAdvancedTest" name="verifyAddProduct" time="3.057"/>
  <testcase classname="com.api.automation.tests.products.ProductsAdvancedTest" name="verifyProductSortingAscending" time="0.139"/>
  <testcase classname="com.api.automation.tests.products.ProductsAdvancedTest" name="verifyProductsLimitZero" time="0.193"/>
  <testcase classname="com.api.automation.tests.products.ProductsAdvancedTest" name="verifyInvalidSortByField" time="0.317"/>
  <testcase classname="com.api.automation.tests.products.ProductsAdvancedTest" name="verifyUpdateProduct" time="0.111"/>
  <testcase classname="com.api.automation.tests.products.ProductsAdvancedTest" name="verifyDeleteProduct" time="0.503"/>
</testsuite> <!-- com.api.automation.tests.products.ProductsAdvancedTest -->
