<?xml version="1.0" encoding="UTF-8"?>
<!-- Generated by org.testng.reporters.JUnitReportReporter -->
<testsuite hostname="Avis-MacBook-Air.local" failures="0" tests="1" name="com.api.automation.tests.auth.ResponseSpecSanityTest" time="2.290" errors="0" timestamp="2026-01-04T22:59:37 EST" skipped="0">
  <testcase classname="com.api.automation.tests.auth.ResponseSpecSanityTest" name="verifySuccessResponseSpec" time="2.290"/>
</testsuite> <!-- com.api.automation.tests.auth.ResponseSpecSanityTest -->
