<?xml version="1.0" encoding="UTF-8"?>
<!-- Generated by org.testng.reporters.JUnitReportReporter -->
<testsuite hostname="Mac" failures="0" tests="5" name="com.api.automation.tests.products.ProductsTest" time="4.280" errors="0" timestamp="2026-01-06T12:20:17 EST" skipped="0">
  <testcase classname="com.api.automation.tests.products.ProductsTest" name="verifyProductsSchema" time="0.185"/>
  <testcase classname="com.api.automation.tests.products.ProductsTest" name="verifyGetProductById" time="0.124"/>
  <testcase classname="com.api.automation.tests.products.ProductsTest" name="verifyGetAllProducts" time="3.122"/>
  <testcase classname="com.api.automation.tests.products.ProductsTest" name="verifyProductByIdSchema" time="0.563"/>
  <testcase classname="com.api.automation.tests.products.ProductsTest" name="verifySearchProducts" time="0.286"/>
</testsuite> <!-- com.api.automation.tests.products.ProductsTest -->
