<?xml version="1.0" encoding="UTF-8"?>
<!-- Generated by org.testng.reporters.JUnitReportReporter -->
<testsuite hostname="Avis-MacBook-Air.local" failures="0" tests="1" name="com.api.automation.tests.perf.ErrorPathPerformanceTest" time="3.276" errors="0" timestamp="2026-01-12T23:26:03 EST" skipped="0">
  <testcase classname="com.api.automation.tests.perf.ErrorPathPerformanceTest" name="verifyInvalidProductErrorIsFast" time="3.276"/>
</testsuite> <!-- com.api.automation.tests.perf.ErrorPathPerformanceTest -->
