<?xml version="1.0" encoding="UTF-8"?>
<!-- Generated by org.testng.reporters.JUnitReportReporter -->
<testsuite hostname="Avis-MacBook-Air.local" failures="0" tests="1" name="com.api.automation.tests.perf.AuthRecoveryPerformanceTest" time="3.503" errors="0" timestamp="2026-01-12T23:26:51 EST" skipped="0">
  <testcase classname="com.api.automation.tests.perf.AuthRecoveryPerformanceTest" name="verifyAuthAutoRefreshLatency" time="3.503"/>
</testsuite> <!-- com.api.automation.tests.perf.AuthRecoveryPerformanceTest -->
