<?xml version="1.0" encoding="UTF-8"?>
<!-- Generated by org.testng.reporters.JUnitReportReporter -->
<testsuite hostname="Avis-MacBook-Air.local" failures="0" tests="6" name="com.api.automation.tests.perf.PerformanceTest" time="6.355" errors="0" timestamp="2026-01-08T17:03:40 EST" skipped="0">
  <testcase classname="com.api.automation.tests.perf.PerformanceTest" name="verifyAuthMeResponseTime" time="0.072"/>
  <testcase classname="com.api.automation.tests.perf.PerformanceTest" name="getAllPostsPerformance" time="2.926"/>
  <testcase classname="com.api.automation.tests.perf.PerformanceTest" name="verifyGetAllProductsPerformance" time="0.067"/>
  <testcase classname="com.api.automation.tests.perf.PerformanceTest" name="verifyGetProductsIdPerformance" time="0.058"/>
  <testcase classname="com.api.automation.tests.perf.PerformanceTest" name="getCommentsByPostIdPerformance" time="0.091"/>
  <testcase classname="com.api.automation.tests.perf.PerformanceTest" name="verifyProductsEndpointStability" time="3.141"/>
</testsuite> <!-- com.api.automation.tests.perf.PerformanceTest -->
