<?xml version="1.0" encoding="UTF-8"?>
<!-- Generated by org.testng.reporters.JUnitReportReporter -->
<testsuite hostname="Avis-MacBook-Air.local" failures="0" tests="4" name="com.api.automation.tests.posts.PostsNegativeTest" time="3.516" errors="0" timestamp="2026-01-07T18:58:08 EST" skipped="0">
  <testcase classname="com.api.automation.tests.posts.PostsNegativeTest" name="verifySearchPostWithNoResults" time="0.110"/>
  <testcase classname="com.api.automation.tests.posts.PostsNegativeTest" name="verifyGetPostWithInvalidId" time="3.050"/>
  <testcase classname="com.api.automation.tests.posts.PostsNegativeTest" name="verifyInvalidPaginationLimit" time="0.248"/>
  <testcase classname="com.api.automation.tests.posts.PostsNegativeTest" name="verifyInvalidSortFieldBehavior" time="0.108"/>
</testsuite> <!-- com.api.automation.tests.posts.PostsNegativeTest -->
