<?xml version="1.0" encoding="UTF-8"?>
<!-- Generated by org.testng.reporters.JUnitReportReporter -->
<testsuite hostname="Avis-MacBook-Air.local" failures="0" tests="1" name="com.api.automation.tests.perf.LatencyPercentileTest" time="16.024" errors="0" timestamp="2026-01-12T23:42:32 EST" skipped="0">
  <testcase classname="com.api.automation.tests.perf.LatencyPercentileTest" name="verifyProductsP95Latency" time="16.024"/>
</testsuite> <!-- com.api.automation.tests.perf.LatencyPercentileTest -->
