<?xml version="1.0" encoding="UTF-8"?>
<!-- Generated by org.testng.reporters.JUnitReportReporter -->
<testsuite hostname="Avis-MacBook-Air.local" failures="0" tests="6" name="com.api.automation.tests.perf.PerformanceTest" time="3.655" errors="0" timestamp="2026-01-12T16:38:07 EST" skipped="0">
  <testcase classname="com.api.automation.tests.perf.PerformanceTest" name="getAllPostsPerformance" time="0.767"/>
  <testcase classname="com.api.automation.tests.perf.PerformanceTest" name="verifyGetAllProductsPerformance" time="0.074"/>
  <testcase classname="com.api.automation.tests.perf.PerformanceTest" name="getCommentsByPostIdPerformance" time="0.063"/>
  <testcase classname="com.api.automation.tests.perf.PerformanceTest" name="verifyGetProductsIdPerformance" time="0.043"/>
  <testcase classname="com.api.automation.tests.perf.PerformanceTest" name="verifyProductsEndpointStability" time="2.654"/>
  <testcase classname="com.api.automation.tests.perf.PerformanceTest" name="verifyAuthMeResponseTime" time="0.054"/>
</testsuite> <!-- com.api.automation.tests.perf.PerformanceTest -->
