<?xml version="1.0" encoding="UTF-8"?>
<!-- Generated by org.testng.reporters.JUnitReportReporter -->
<testsuite hostname="Avis-MacBook-Air.local" failures="0" tests="3" name="com.api.automation.tests.products.ProductsNegativeTest" time="0.177" errors="0" timestamp="2026-01-12T16:37:35 EST" skipped="0">
  <testcase classname="com.api.automation.tests.products.ProductsNegativeTest" name="verifySearchWithNoResults" time="0.057"/>
  <testcase classname="com.api.automation.tests.products.ProductsNegativeTest" name="verifyInvalidProductErrorSchema" time="0.060"/>
  <testcase classname="com.api.automation.tests.products.ProductsNegativeTest" name="verifyGetProductWithInvalidId" time="0.060"/>
</testsuite> <!-- com.api.automation.tests.products.ProductsNegativeTest -->
