<?xml version="1.0" encoding="UTF-8"?>
<!-- Generated by org.testng.reporters.JUnitReportReporter -->
<testsuite hostname="Avis-MacBook-Air.local" failures="0" tests="3" name="com.api.automation.tests.comments.CommentsNegativeTest" time="0.949" errors="0" timestamp="2026-01-12T16:37:55 EST" skipped="0">
  <testcase classname="com.api.automation.tests.comments.CommentsNegativeTest" name="verifyDeleteNonExistingComment" time="0.314"/>
  <testcase classname="com.api.automation.tests.comments.CommentsNegativeTest" name="verifyAddCommentWithoutBodyFails" time="0.321"/>
  <testcase classname="com.api.automation.tests.comments.CommentsNegativeTest" name="verifyGetCommentsWithInvalidPostId" time="0.314"/>
</testsuite> <!-- com.api.automation.tests.comments.CommentsNegativeTest -->
