<?xml version="1.0" encoding="UTF-8"?>
<!-- Generated by org.testng.reporters.JUnitReportReporter -->
<testsuite hostname="Avis-MacBook-Air.local" failures="0" tests="2" name="com.api.automation.tests.posts.PostsTest" time="0.123" errors="0" timestamp="2026-01-12T16:37:35 EST" skipped="0">
  <testcase classname="com.api.automation.tests.posts.PostsTest" name="verifyGetPostById" time="0.058"/>
  <testcase classname="com.api.automation.tests.posts.PostsTest" name="verifySearchPosts" time="0.065"/>
</testsuite> <!-- com.api.automation.tests.posts.PostsTest -->
