<?xml version="1.0" encoding="UTF-8"?>
<!-- Generated by org.testng.reporters.JUnitReportReporter -->
<testsuite hostname="Avis-MacBook-Air.local" failures="0" tests="5" name="com.api.automation.tests.auth.AuthNegativeTest" time="2.458" errors="0" timestamp="2026-01-12T16:37:55 EST" skipped="0">
  <testcase classname="com.api.automation.tests.auth.AuthNegativeTest" name="verifyLoginWithMissingCredentials" time="0.450"/>
  <testcase classname="com.api.automation.tests.auth.AuthNegativeTest" name="verifyLoginWithInvalidPassword" time="0.495"/>
  <testcase classname="com.api.automation.tests.auth.AuthNegativeTest" name="verifyAuthMeWithoutTokenFails" time="0.453"/>
  <testcase classname="com.api.automation.tests.auth.AuthNegativeTest" name="verifyRefreshWithInvalidTokenFails" time="0.607"/>
  <testcase classname="com.api.automation.tests.auth.AuthNegativeTest" name="verifyAuthMeWithInvalidTokenFails" time="0.453"/>
</testsuite> <!-- com.api.automation.tests.auth.AuthNegativeTest -->
