<?xml version="1.0" encoding="UTF-8"?>
<!-- Generated by org.testng.reporters.JUnitReportReporter -->
<testsuite hostname="Avis-MacBook-Air.local" failures="0" tests="4" name="com.api.automation.tests.posts.PostsNegativeTest" time="0.728" errors="0" timestamp="2026-01-12T16:37:55 EST" skipped="0">
  <testcase classname="com.api.automation.tests.posts.PostsNegativeTest" name="verifyGetPostWithInvalidId" time="0.292"/>
  <testcase classname="com.api.automation.tests.posts.PostsNegativeTest" name="verifySearchPostWithNoResults" time="0.067"/>
  <testcase classname="com.api.automation.tests.posts.PostsNegativeTest" name="verifyInvalidPaginationLimit" time="0.284"/>
  <testcase classname="com.api.automation.tests.posts.PostsNegativeTest" name="verifyInvalidSortFieldBehavior" time="0.085"/>
</testsuite> <!-- com.api.automation.tests.posts.PostsNegativeTest -->
